<?xml version="1.0" encoding="UTF-8"?>
<testsuite name="games.game2048.TestGame2048" tests="1" skipped="0" failures="0" errors="0" timestamp="2021-07-05T18:31:29" hostname="DESKTOP-3TPES7J" time="0.02">
  <properties/>
  <testcase name="testMoves" classname="games.game2048.TestGame2048" time="0.02"/>
  <system-out><![CDATA[]]></system-out>
  <system-err><![CDATA[]]></system-err>
</testsuite>
